# JRE version: Java(TM) SE Runtime Environment (8.0_144-b01) (build 1.8.0_144-b01)
# Java VM: Java HotSpot(TM) 64-Bit Server VM (25.144-b01 mixed mode windows-amd64 compressed oops)
Heap:
 PSYoungGen      total 328704K, used 85032K [0x00000000df300000, 0x00000000ff580000, 0x0000000100000000)
  eden space 327168K, 25% used [0x00000000df300000,0x00000000e460a328,0x00000000f3280000)
  from space 1536K, 0% used [0x00000000f3280000,0x00000000f3280000,0x00000000f3400000)
  to   space 1536K, 0% used [0x00000000ff400000,0x00000000ff400000,0x00000000ff580000)
 ParOldGen       total 68608K, used 781K [0x000000009d800000, 0x00000000a1b00000, 0x00000000df300000)
  object space 68608K, 1% used [0x000000009d800000,0x000000009d8c3670,0x00000000a1b00000)
 Metaspace       used 3621K, capacity 4614K, committed 4864K, reserved 1056768K
  class space    used 419K, capacity 430K, committed 512K, reserved 1048576K
GC Heap History (10 events):
Event: 9.409 GC heap before
{Heap before GC invocations=7 (full 0):
 PSYoungGen      total 103424K, used 103225K [0x00000000df300000, 0x00000000e5900000, 0x0000000100000000)
  eden space 102400K, 100% used [0x00000000df300000,0x00000000e5700000,0x00000000e5700000)
  from space 1024K, 80% used [0x00000000e5800000,0x00000000e58ce620,0x00000000e5900000)
  to   space 1024K, 0% used [0x00000000e5700000,0x00000000e5700000,0x00000000e5800000)
 ParOldGen       total 68608K, used 16K [0x000000009d800000, 0x00000000a1b00000, 0x00000000df300000)
  object space 68608K, 0% used [0x000000009d800000,0x000000009d804000,0x00000000a1b00000)
 Metaspace       used 3621K, capacity 4614K, committed 4864K, reserved 1056768K
  class space    used 419K, capacity 430K, committed 512K, reserved 1048576K
Event: 9.410 GC heap after
Heap after GC invocations=7 (full 0):
 PSYoungGen      total 103424K, used 32K [0x00000000df300000, 0x00000000ebd00000, 0x0000000100000000)
  eden space 102400K, 0% used [0x00000000df300000,0x00000000df300000,0x00000000e5700000)
  from space 1024K, 3% used [0x00000000e5700000,0x00000000e5708000,0x00000000e5800000)
  to   space 1024K, 0% used [0x00000000ebc00000,0x00000000ebc00000,0x00000000ebd00000)
 ParOldGen       total 68608K, used 781K [0x000000009d800000, 0x00000000a1b00000, 0x00000000df300000)
  object space 68608K, 1% used [0x000000009d800000,0x000000009d8c3670,0x00000000a1b00000)
 Metaspace       used 3621K, capacity 4614K, committed 4864K, reserved 1056768K
  class space    used 419K, capacity 430K, committed 512K, reserved 1048576K
}
Event: 9.462 GC heap before
{Heap before GC invocations=8 (full 0):
 PSYoungGen      total 103424K, used 102432K [0x00000000df300000, 0x00000000ebd00000, 0x0000000100000000)
  eden space 102400K, 100% used [0x00000000df300000,0x00000000e5700000,0x00000000e5700000)
  from space 1024K, 3% used [0x00000000e5700000,0x00000000e5708000,0x00000000e5800000)
  to   space 1024K, 0% used [0x00000000ebc00000,0x00000000ebc00000,0x00000000ebd00000)
 ParOldGen       total 68608K, used 781K [0x000000009d800000, 0x00000000a1b00000, 0x00000000df300000)
  object space 68608K, 1% used [0x000000009d800000,0x000000009d8c3670,0x00000000a1b00000)
 Metaspace       used 3621K, capacity 4614K, committed 4864K, reserved 1056768K
  class space    used 419K, capacity 430K, committed 512K, reserved 1048576K
Event: 9.463 GC heap after
Heap after GC invocations=8 (full 0):
 PSYoungGen      total 205312K, used 32K [0x00000000df300000, 0x00000000ebe00000, 0x0000000100000000)
  eden space 204288K, 0% used [0x00000000df300000,0x00000000df300000,0x00000000eba80000)
  from space 1024K, 3% used [0x00000000ebc00000,0x00000000ebc08000,0x00000000ebd00000)
  to   space 1536K, 0% used [0x00000000eba80000,0x00000000eba80000,0x00000000ebc00000)
 ParOldGen       total 68608K, used 781K [0x000000009d800000, 0x00000000a1b00000, 0x00000000df300000)
  object space 68608K, 1% used [0x000000009d800000,0x000000009d8c3670,0x00000000a1b00000)
 Metaspace       used 3621K, capacity 4614K, committed 4864K, reserved 1056768K
  class space    used 419K, capacity 430K, committed 512K, reserved 1048576K
}
Event: 9.620 GC heap before
{Heap before GC invocations=9 (full 0):
 PSYoungGen      total 205312K, used 204320K [0x00000000df300000, 0x00000000ebe00000, 0x0000000100000000)
  eden space 204288K, 100% used [0x00000000df300000,0x00000000eba80000,0x00000000eba80000)
  from space 1024K, 3% used [0x00000000ebc00000,0x00000000ebc08000,0x00000000ebd00000)
  to   space 1536K, 0% used [0x00000000eba80000,0x00000000eba80000,0x00000000ebc00000)
 ParOldGen       total 68608K, used 781K [0x000000009d800000, 0x00000000a1b00000, 0x00000000df300000)
  object space 68608K, 1% used [0x000000009d800000,0x000000009d8c3670,0x00000000a1b00000)
 Metaspace       used 3621K, capacity 4614K, committed 4864K, reserved 1056768K
  class space    used 419K, capacity 430K, committed 512K, reserved 1048576K
Event: 9.620 GC heap after
Heap after GC invocations=9 (full 0):
 PSYoungGen      total 205824K, used 32K [0x00000000df300000, 0x00000000f3580000, 0x0000000100000000)
  eden space 204288K, 0% used [0x00000000df300000,0x00000000df300000,0x00000000eba80000)
  from space 1536K, 2% used [0x00000000eba80000,0x00000000eba88000,0x00000000ebc00000)
  to   space 1536K, 0% used [0x00000000f3400000,0x00000000f3400000,0x00000000f3580000)
 ParOldGen       total 68608K, used 781K [0x000000009d800000, 0x00000000a1b00000, 0x00000000df300000)
  object space 68608K, 1% used [0x000000009d800000,0x000000009d8c3670,0x00000000a1b00000)
 Metaspace       used 3621K, capacity 4614K, committed 4864K, reserved 1056768K
  class space    used 419K, capacity 430K, committed 512K, reserved 1048576K
}
Event: 9.760 GC heap before
{Heap before GC invocations=10 (full 0):
 PSYoungGen      total 205824K, used 204320K [0x00000000df300000, 0x00000000f3580000, 0x0000000100000000)
  eden space 204288K, 100% used [0x00000000df300000,0x00000000eba80000,0x00000000eba80000)
  from space 1536K, 2% used [0x00000000eba80000,0x00000000eba88000,0x00000000ebc00000)
  to   space 1536K, 0% used [0x00000000f3400000,0x00000000f3400000,0x00000000f3580000)
 ParOldGen       total 68608K, used 781K [0x000000009d800000, 0x00000000a1b00000, 0x00000000df300000)
  object space 68608K, 1% used [0x000000009d800000,0x000000009d8c3670,0x00000000a1b00000)
 Metaspace       used 3621K, capacity 4614K, committed 4864K, reserved 1056768K
  class space    used 419K, capacity 430K, committed 512K, reserved 1048576K
Event: 9.760 GC heap after
Heap after GC invocations=10 (full 0):
 PSYoungGen      total 328704K, used 64K [0x00000000df300000, 0x00000000f3580000, 0x0000000100000000)
  eden space 327168K, 0% used [0x00000000df300000,0x00000000df300000,0x00000000f3280000)
  from space 1536K, 4% used [0x00000000f3400000,0x00000000f3410000,0x00000000f3580000)
  to   space 1536K, 0% used [0x00000000f3280000,0x00000000f3280000,0x00000000f3400000)
 ParOldGen       total 68608K, used 781K [0x000000009d800000, 0x00000000a1b00000, 0x00000000df300000)
  object space 68608K, 1% used [0x000000009d800000,0x000000009d8c3670,0x00000000a1b00000)
 Metaspace       used 3621K, capacity 4614K, committed 4864K, reserved 1056768K
  class space    used 419K, capacity 430K, committed 512K, reserved 1048576K
}
Event: 10.018 GC heap before
{Heap before GC invocations=11 (full 0):
 PSYoungGen      total 328704K, used 327232K [0x00000000df300000, 0x00000000f3580000, 0x0000000100000000)
  eden space 327168K, 100% used [0x00000000df300000,0x00000000f3280000,0x00000000f3280000)
  from space 1536K, 4% used [0x00000000f3400000,0x00000000f3410000,0x00000000f3580000)
  to   space 1536K, 0% used [0x00000000f3280000,0x00000000f3280000,0x00000000f3400000)
 ParOldGen       total 68608K, used 781K [0x000000009d800000, 0x00000000a1b00000, 0x00000000df300000)
  object space 68608K, 1% used [0x000000009d800000,0x000000009d8c3670,0x00000000a1b00000)
 Metaspace       used 3621K, capacity 4614K, committed 4864K, reserved 1056768K
  class space    used 419K, capacity 430K, committed 512K, reserved 1048576K
Event: 10.019 GC heap after
Heap after GC invocations=11 (full 0):
 PSYoungGen      total 328704K, used 0K [0x00000000df300000, 0x00000000ff580000, 0x0000000100000000)
  eden space 327168K, 0% used [0x00000000df300000,0x00000000df300000,0x00000000f3280000)
  from space 1536K, 0% used [0x00000000f3280000,0x00000000f3280000,0x00000000f3400000)
  to   space 1536K, 0% used [0x00000000ff400000,0x00000000ff400000,0x00000000ff580000)
 ParOldGen       total 68608K, used 781K [0x000000009d800000, 0x00000000a1b00000, 0x00000000df300000)
  object space 68608K, 1% used [0x000000009d800000,0x000000009d8c3670,0x00000000a1b00000)
 Metaspace       used 3621K, capacity 4614K, committed 4864K, reserved 1056768K
  class space    used 419K, capacity 430K, committed 512K, reserved 1048576K
}

