# JRE version: Java(TM) SE Runtime Environment (8.0_144-b01) (build 1.8.0_144-b01)
# Java VM: Java HotSpot(TM) 64-Bit Server VM (25.144-b01 mixed mode windows-amd64 compressed oops)
Heap:
 PSYoungGen      total 98816K, used 94720K [0x00000000df300000, 0x00000000ee680000, 0x0000000100000000)
  eden space 94720K, 100% used [0x00000000df300000,0x00000000e4f80000,0x00000000e4f80000)
  from space 4096K, 0% used [0x00000000e5700000,0x00000000e5700000,0x00000000e5b00000)
  to   space 77312K, 39% used [0x00000000e9b00000,0x00000000eb880000,0x00000000ee680000)
 ParOldGen       total 200192K, used 106034K [0x000000009d800000, 0x00000000a9b80000, 0x00000000df300000)
  object space 200192K, 52% used [0x000000009d800000,0x00000000a3f8c838,0x00000000a9b80000)
 Metaspace       used 3629K, capacity 4606K, committed 4864K, reserved 1056768K
  class space    used 423K, capacity 430K, committed 512K, reserved 1048576K
GC Heap History (10 events):
Event: 1.601 GC heap after
Heap after GC invocations=4 (full 1):
 PSYoungGen      total 55296K, used 0K [0x00000000df300000, 0x00000000e5f00000, 0x0000000100000000)
  eden space 51200K, 0% used [0x00000000df300000,0x00000000df300000,0x00000000e2500000)
  from space 4096K, 0% used [0x00000000e2500000,0x00000000e2500000,0x00000000e2900000)
  to   space 4096K, 0% used [0x00000000e5b00000,0x00000000e5b00000,0x00000000e5f00000)
 ParOldGen       total 138240K, used 53668K [0x000000009d800000, 0x00000000a5f00000, 0x00000000df300000)
  object space 138240K, 38% used [0x000000009d800000,0x00000000a0c690e0,0x00000000a5f00000)
 Metaspace       used 3629K, capacity 4606K, committed 4864K, reserved 1056768K
  class space    used 423K, capacity 430K, committed 512K, reserved 1048576K
}
Event: 1.731 GC heap before
{Heap before GC invocations=5 (full 1):
 PSYoungGen      total 55296K, used 51200K [0x00000000df300000, 0x00000000e5f00000, 0x0000000100000000)
  eden space 51200K, 100% used [0x00000000df300000,0x00000000e2500000,0x00000000e2500000)
  from space 4096K, 0% used [0x00000000e2500000,0x00000000e2500000,0x00000000e2900000)
  to   space 4096K, 0% used [0x00000000e5b00000,0x00000000e5b00000,0x00000000e5f00000)
 ParOldGen       total 138240K, used 53668K [0x000000009d800000, 0x00000000a5f00000, 0x00000000df300000)
  object space 138240K, 38% used [0x000000009d800000,0x00000000a0c690e0,0x00000000a5f00000)
 Metaspace       used 3629K, capacity 4606K, committed 4864K, reserved 1056768K
  class space    used 423K, capacity 430K, committed 512K, reserved 1048576K
Event: 1.788 GC heap after
Heap after GC invocations=5 (full 1):
 PSYoungGen      total 78336K, used 4096K [0x00000000df300000, 0x00000000e5f00000, 0x0000000100000000)
  eden space 74240K, 0% used [0x00000000df300000,0x00000000df300000,0x00000000e3b80000)
  from space 4096K, 100% used [0x00000000e5b00000,0x00000000e5f00000,0x00000000e5f00000)
  to   space 4096K, 0% used [0x00000000e5700000,0x00000000e5700000,0x00000000e5b00000)
 ParOldGen       total 138240K, used 95307K [0x000000009d800000, 0x00000000a5f00000, 0x00000000df300000)
  object space 138240K, 68% used [0x000000009d800000,0x00000000a3512f20,0x00000000a5f00000)
 Metaspace       used 3629K, capacity 4606K, committed 4864K, reserved 1056768K
  class space    used 423K, capacity 430K, committed 512K, reserved 1048576K
}
Event: 1.788 GC heap before
{Heap before GC invocations=6 (full 2):
 PSYoungGen      total 78336K, used 4096K [0x00000000df300000, 0x00000000e5f00000, 0x0000000100000000)
  eden space 74240K, 0% used [0x00000000df300000,0x00000000df300000,0x00000000e3b80000)
  from space 4096K, 100% used [0x00000000e5b00000,0x00000000e5f00000,0x00000000e5f00000)
  to   space 4096K, 0% used [0x00000000e5700000,0x00000000e5700000,0x00000000e5b00000)
 ParOldGen       total 138240K, used 95307K [0x000000009d800000, 0x00000000a5f00000, 0x00000000df300000)
  object space 138240K, 68% used [0x000000009d800000,0x00000000a3512f20,0x00000000a5f00000)
 Metaspace       used 3629K, capacity 4606K, committed 4864K, reserved 1056768K
  class space    used 423K, capacity 430K, committed 512K, reserved 1048576K
Event: 2.163 GC heap after
Heap after GC invocations=6 (full 2):
 PSYoungGen      total 78336K, used 0K [0x00000000df300000, 0x00000000e5f00000, 0x0000000100000000)
  eden space 74240K, 0% used [0x00000000df300000,0x00000000df300000,0x00000000e3b80000)
  from space 4096K, 0% used [0x00000000e5b00000,0x00000000e5b00000,0x00000000e5f00000)
  to   space 4096K, 0% used [0x00000000e5700000,0x00000000e5700000,0x00000000e5b00000)
 ParOldGen       total 200192K, used 77614K [0x000000009d800000, 0x00000000a9b80000, 0x00000000df300000)
  object space 200192K, 38% used [0x000000009d800000,0x00000000a23cb948,0x00000000a9b80000)
 Metaspace       used 3629K, capacity 4606K, committed 4864K, reserved 1056768K
  class space    used 423K, capacity 430K, committed 512K, reserved 1048576K
}
Event: 2.412 GC heap before
{Heap before GC invocations=7 (full 2):
 PSYoungGen      total 78336K, used 74240K [0x00000000df300000, 0x00000000e5f00000, 0x0000000100000000)
  eden space 74240K, 100% used [0x00000000df300000,0x00000000e3b80000,0x00000000e3b80000)
  from space 4096K, 0% used [0x00000000e5b00000,0x00000000e5b00000,0x00000000e5f00000)
  to   space 4096K, 0% used [0x00000000e5700000,0x00000000e5700000,0x00000000e5b00000)
 ParOldGen       total 200192K, used 77614K [0x000000009d800000, 0x00000000a9b80000, 0x00000000df300000)
  object space 200192K, 38% used [0x000000009d800000,0x00000000a23cb948,0x00000000a9b80000)
 Metaspace       used 3629K, capacity 4606K, committed 4864K, reserved 1056768K
  class space    used 423K, capacity 430K, committed 512K, reserved 1048576K
Event: 2.504 GC heap after
Heap after GC invocations=7 (full 2):
 PSYoungGen      total 98816K, used 4096K [0x00000000df300000, 0x00000000ee680000, 0x0000000100000000)
  eden space 94720K, 0% used [0x00000000df300000,0x00000000df300000,0x00000000e4f80000)
  from space 4096K, 100% used [0x00000000e5700000,0x00000000e5b00000,0x00000000e5b00000)
  to   space 77312K, 0% used [0x00000000e9b00000,0x00000000e9b00000,0x00000000ee680000)
 ParOldGen       total 200192K, used 140177K [0x000000009d800000, 0x00000000a9b80000, 0x00000000df300000)
  object space 200192K, 70% used [0x000000009d800000,0x00000000a60e4698,0x00000000a9b80000)
 Metaspace       used 3629K, capacity 4606K, committed 4864K, reserved 1056768K
  class space    used 423K, capacity 430K, committed 512K, reserved 1048576K
}
Event: 2.504 GC heap before
{Heap before GC invocations=8 (full 3):
 PSYoungGen      total 98816K, used 4096K [0x00000000df300000, 0x00000000ee680000, 0x0000000100000000)
  eden space 94720K, 0% used [0x00000000df300000,0x00000000df300000,0x00000000e4f80000)
  from space 4096K, 100% used [0x00000000e5700000,0x00000000e5b00000,0x00000000e5b00000)
  to   space 77312K, 0% used [0x00000000e9b00000,0x00000000e9b00000,0x00000000ee680000)
 ParOldGen       total 200192K, used 140177K [0x000000009d800000, 0x00000000a9b80000, 0x00000000df300000)
  object space 200192K, 70% used [0x000000009d800000,0x00000000a60e4698,0x00000000a9b80000)
 Metaspace       used 3629K, capacity 4606K, committed 4864K, reserved 1056768K
  class space    used 423K, capacity 430K, committed 512K, reserved 1048576K
Event: 3.017 GC heap after
Heap after GC invocations=8 (full 3):
 PSYoungGen      total 98816K, used 0K [0x00000000df300000, 0x00000000ee680000, 0x0000000100000000)
  eden space 94720K, 0% used [0x00000000df300000,0x00000000df300000,0x00000000e4f80000)
  from space 4096K, 0% used [0x00000000e5700000,0x00000000e5700000,0x00000000e5b00000)
  to   space 77312K, 0% used [0x00000000e9b00000,0x00000000e9b00000,0x00000000ee680000)
 ParOldGen       total 200192K, used 106034K [0x000000009d800000, 0x00000000a9b80000, 0x00000000df300000)
  object space 200192K, 52% used [0x000000009d800000,0x00000000a3f8c838,0x00000000a9b80000)
 Metaspace       used 3629K, capacity 4606K, committed 4864K, reserved 1056768K
  class space    used 423K, capacity 430K, committed 512K, reserved 1048576K
}
Event: 3.589 GC heap before
{Heap before GC invocations=9 (full 3):
 PSYoungGen      total 98816K, used 94720K [0x00000000df300000, 0x00000000ee680000, 0x0000000100000000)
  eden space 94720K, 100% used [0x00000000df300000,0x00000000e4f80000,0x00000000e4f80000)
  from space 4096K, 0% used [0x00000000e5700000,0x00000000e5700000,0x00000000e5b00000)
  to   space 77312K, 0% used [0x00000000e9b00000,0x00000000e9b00000,0x00000000ee680000)
 ParOldGen       total 200192K, used 106034K [0x000000009d800000, 0x00000000a9b80000, 0x00000000df300000)
  object space 200192K, 52% used [0x000000009d800000,0x00000000a3f8c838,0x00000000a9b80000)
 Metaspace       used 3629K, capacity 4606K, committed 4864K, reserved 1056768K
  class space    used 423K, capacity 430K, committed 512K, reserved 1048576K

